<?xml version="1.0" encoding="UTF-8"?>
<!-- Generated by org.testng.reporters.JUnitReportReporter -->
<testsuite hostname="DESKTOP-B707OQT" failures="0" tests="1" name="com.publica.grupo2sprint3.model.dao.ServiceProviderDAOTest" time="0.167" errors="0" timestamp="2021-01-14T15:37:35 BRT" skipped="0">
  <testcase classname="com.publica.grupo2sprint3.model.dao.ServiceProviderDAOTest" name="updateByIdentifierTest" time="0.167"/>
  <system-out/>
</testsuite> <!-- com.publica.grupo2sprint3.model.dao.ServiceProviderDAOTest -->
