<?xml version="1.0" encoding="UTF-8"?>
<!-- Generated by org.testng.reporters.JUnitReportReporter -->
<testsuite hostname="DESKTOP-B707OQT" failures="0" tests="1" name="com.publica.grupo2sprint3.model.person.PayrollTest" time="2.538" errors="0" timestamp="2021-01-14T17:46:03 BRT" skipped="0">
  <testcase classname="com.publica.grupo2sprint3.model.person.PayrollTest" name="calculateSalaryBasedOnPointsRegister2Test" time="2.538"/>
  <system-out/>
</testsuite> <!-- com.publica.grupo2sprint3.model.person.PayrollTest -->
