<?xml version="1.0" encoding="UTF-8"?>
<!-- Generated by org.testng.reporters.JUnitReportReporter -->
<testsuite hostname="DESKTOP-N379TU4" failures="0" tests="1" name="com.publica.grupo2sprint3.auth.util.JwtTokenUtilTest" time="3.924" errors="0" timestamp="2021-01-23T23:52:06 BRT" skipped="0">
  <testcase classname="com.publica.grupo2sprint3.auth.util.JwtTokenUtilTest" name="getCollaboratorWithTokenTest" time="3.924"/>
  <system-out/>
</testsuite> <!-- com.publica.grupo2sprint3.auth.util.JwtTokenUtilTest -->
