<?xml version="1.0" encoding="UTF-8"?>
<!-- Generated by org.testng.reporters.JUnitReportReporter -->
<testsuite skipped="0" hostname="DESKTOP-9KAFVVR" name="com.publica.grupo2sprint3.model.dao.PayrollDAOTest" tests="1" failures="0" timestamp="2021-01-14T14:59:50 BRT" time="3.395" errors="0">
  <testcase name="addTest" time="3.395" classname="com.publica.grupo2sprint3.model.dao.PayrollDAOTest"/>
  <system-out/>
</testsuite> <!-- com.publica.grupo2sprint3.model.dao.PayrollDAOTest -->
