<?xml version="1.0" encoding="UTF-8"?>
<!-- Generated by org.testng.reporters.JUnitReportReporter -->
<testsuite hostname="DESKTOP-B707OQT" failures="0" tests="1" name="com.publica.grupo2sprint3.model.dao.PointDAOTest" time="2.694" errors="0" timestamp="2021-01-14T16:35:16 BRT" skipped="0">
  <testcase classname="com.publica.grupo2sprint3.model.dao.PointDAOTest" name="addFuturePointTest" time="2.694"/>
  <system-out/>
</testsuite> <!-- com.publica.grupo2sprint3.model.dao.PointDAOTest -->
