<?xml version="1.0" encoding="UTF-8"?>
<!-- Generated by org.testng.reporters.JUnitReportReporter -->
<testsuite skipped="0" hostname="DESKTOP-9KAFVVR" name="com.publica.grupo2sprint3.model.dao.ContactDAOTest" tests="1" failures="0" timestamp="2021-01-14T10:11:06 BRT" time="0.092" errors="0">
  <testcase name="addTest" time="0.092" classname="com.publica.grupo2sprint3.model.dao.ContactDAOTest"/>
  <system-out/>
</testsuite> <!-- com.publica.grupo2sprint3.model.dao.ContactDAOTest -->
