<?xml version="1.0" encoding="UTF-8"?>
<!-- Generated by org.testng.reporters.JUnitReportReporter -->
<testsuite hostname="White08" failures="0" tests="1" name="com.publica.grupo2.MainTest" time="0.014" errors="0" timestamp="2020-11-09T15:56:10 GMT-03:00" skipped="0">
  <testcase classname="com.publica.grupo2.MainTest" name="validateCpfTest" time="0.014"/>
  <system-out/>
</testsuite> <!-- com.publica.grupo2.MainTest -->
