<?xml version="1.0" encoding="UTF-8"?>
<!-- Generated by org.testng.reporters.JUnitReportReporter -->
<testsuite hostname="Pink08" failures="0" tests="1" name="com.publica.grupo2.validacoes.ValidadorEmailTest" time="0.010" errors="0" timestamp="2020-11-09T16:59:01 GMT-03:00" skipped="0">
  <testcase classname="com.publica.grupo2.validacoes.ValidadorEmailTest" name="validarEmailTest" time="0.010"/>
  <system-out/>
</testsuite> <!-- com.publica.grupo2.validacoes.ValidadorEmailTest -->
